2025-10-23 20:07:21.119248 - Task ran
2025-10-23 20:12:07.036494 - Task ran
2025-10-23 21:27:18.522116 - Task ran
2025-10-23 21:34:40.549482 - Task ran
2025-10-23 21:44:36.391483 - Task ran
2025-10-23 21:47:44.205319 - Task ran
2025-10-23 21:59:41.863430 - Task ran
[INFO] Starting Playwright at 2025-10-23 22:45:00.933231
[INFO] Starting Playwright at 2025-10-24 11:44:22.550609
[INFO] Starting Playwright at 2025-10-24 13:41:27.058282
[INFO] Starting Playwright at 2025-10-30 07:13:00.579825
[ERROR] Playwright failed: BrowserType.launch: Executable doesn't exist at C:\Users\tbh2j0\AppData\Local\ms-playwright\winldd-1007\PrintDeps.exe
╔═══════════════════════════════════════════════════════════╗
║ Looks like Playwright was just installed or updated.      ║
║ Please run the following command to download new browser: ║
║                                                           ║
║     playwright install winldd                             ║
║                                                           ║
║ <3 Playwright Team                                        ║
╚═══════════════════════════════════════════════════════════╝
[INFO] Starting Playwright at 2025-10-30 07:13:11.600761
[ERROR] Playwright failed: BrowserType.launch: Executable doesn't exist at C:\Users\tbh2j0\AppData\Local\ms-playwright\winldd-1007\PrintDeps.exe
╔═══════════════════════════════════════════════════════════╗
║ Looks like Playwright was just installed or updated.      ║
║ Please run the following command to download new browser: ║
║                                                           ║
║     playwright install winldd                             ║
║                                                           ║
║ <3 Playwright Team                                        ║
╚═══════════════════════════════════════════════════════════╝
[DEBUG] Script reached at 2025-10-30 07:21:46.380523
[INFO] Starting Playwright at 2025-10-30 07:21:46.699130
[ERROR] Playwright failed: BrowserType.launch: Executable doesn't exist at C:\Users\tbh2j0\AppData\Local\ms-playwright\winldd-1007\PrintDeps.exe
╔═══════════════════════════════════════════════════════════╗
║ Looks like Playwright was just installed or updated.      ║
║ Please run the following command to download new browser: ║
║                                                           ║
║     playwright install winldd                             ║
║                                                           ║
║ <3 Playwright Team                                        ║
╚═══════════════════════════════════════════════════════════╝
[DEBUG] Script reached at 2025-10-30 07:26:26.854247
[INFO] Starting Playwright at 2025-10-30 07:26:26.870753
[ERROR] Playwright failed: name 'sync_playwright' is not defined
[DEBUG] Script reached at 2025-10-30 07:30:34.347000
[INFO] Starting Playwright at 2025-10-30 07:30:34.363711
[ERROR] Playwright failed: BrowserType.launch: Executable doesn't exist at C:\Users\tbh2j0\AppData\Local\ms-playwright\winldd-1007\PrintDeps.exe
╔═══════════════════════════════════════════════════════════╗
║ Looks like Playwright was just installed or updated.      ║
║ Please run the following command to download new browser: ║
║                                                           ║
║     playwright install winldd                             ║
║                                                           ║
║ <3 Playwright Team                                        ║
╚═══════════════════════════════════════════════════════════╝
[DEBUG] Script reached at 2025-10-30 07:33:22.268714
[INFO] Starting Playwright at 2025-10-30 07:33:22.268714
[ERROR] Playwright failed: 'BrowserType' object has no attribute 'launch_executable_path'
[DEBUG] Script reached at 2025-10-30 07:36:14.845767
[INFO] Starting Playwright at 2025-10-30 07:36:14.847027
[ERROR] Playwright failed: BrowserType.launch: Failed to launch chromium because executable doesn't exist at C:\Users\tbh2j0\AppData\Local\ms-playwright\chromium-1187\chrome-win\chrome.exe
[DEBUG] Script reached at 2025-10-30 07:38:33.279818
[INFO] Starting Playwright at 2025-10-30 07:38:33.279818
[ERROR] Playwright failed: BrowserType.launch: Failed to launch chromium because executable doesn't exist at C:\Users\tbh2j0\AppData\Local\ms-playwright\chromium-1187\chrome-win\chrome.exe
[DEBUG] Script reached at 2025-10-30 07:41:26.570831
[INFO] Starting Playwright at 2025-10-30 07:41:26.579594
[ERROR] Playwright failed: BrowserType.launch: spawn UNKNOWN
Call log:
  - <launching> C:\Users\tbh2j0\AppData\Local\ms-playwright\chromium_headless_shell-1187\chrome-win\chrome.exe --disable-field-trial-config --disable-background-networking --disable-background-timer-throttling --disable-backgrounding-occluded-windows --disable-back-forward-cache --disable-breakpad --disable-client-side-phishing-detection --disable-component-extensions-with-background-pages --disable-component-update --no-default-browser-check --disable-default-apps --disable-dev-shm-usage --disable-extensions --disable-features=AcceptCHFrame,AvoidUnnecessaryBeforeUnloadCheckSync,DestroyProfileOnBrowserClose,DialMediaRouteProvider,GlobalMediaControls,HttpsUpgrades,LensOverlay,MediaRouter,PaintHolding,ThirdPartyStoragePartitioning,Translate,AutoDeElevate --allow-pre-commit-input --disable-hang-monitor --disable-ipc-flooding-protection --disable-popup-blocking --disable-prompt-on-repost --disable-renderer-backgrounding --force-color-profile=srgb --metrics-recording-only --no-first-run --password-store=basic --use-mock-keychain --no-service-autorun --export-tagged-pdf --disable-search-engine-choice-screen --unsafely-disable-devtools-self-xss-warnings --edge-skip-compat-layer-relaunch --enable-automation --headless --hide-scrollbars --mute-audio --blink-settings=primaryHoverType=2,availableHoverTypes=2,primaryPointerType=4,availablePointerTypes=4 --no-sandbox --user-data-dir=C:\Users\tbh2j0\AppData\Local\Temp\playwright_chromiumdev_profile-OrHV3Q --remote-debugging-pipe --no-startup-window

[DEBUG] Script reached at 2025-10-30 07:56:25.916917
[INFO] Starting Playwright at 2025-10-30 07:56:25.916917
[ERROR] Playwright failed: BrowserType.launch: Executable doesn't exist at C:\Users\tbh2j0\AppData\Local\ms-playwright\firefox-1490\firefox\firefox.exe
╔════════════════════════════════════════════════════════════╗
║ Looks like Playwright was just installed or updated.       ║
║ Please run the following command to download new browsers: ║
║                                                            ║
║     playwright install                                     ║
║                                                            ║
║ <3 Playwright Team                                         ║
╚════════════════════════════════════════════════════════════╝
[DEBUG] Script reached at 2025-10-30 08:41:27.939217
[INFO] Starting Playwright at 2025-10-30 08:41:27.944747
[INFO] task_quicklist.xlsx saved at 2025-10-30 08:41:53.371144
[INFO] Playwright completed at 2025-10-30 08:41:55.501977
[DEBUG] Script reached at 2025-10-30 09:49:37.065581
[INFO] Starting Playwright at 2025-10-30 09:49:37.071432
[INFO] task_quicklist.xlsx saved at 2025-10-30 09:49:52.509346
[INFO] Playwright completed at 2025-10-30 09:49:53.329063
[DEBUG] Script reached at 2025-10-31 07:00:05.479478
[INFO] Starting Playwright at 2025-10-31 07:00:05.479478
[INFO] task_quicklist.xlsx saved at 2025-10-31 07:00:39.882546
[INFO] Playwright completed at 2025-10-31 07:00:42.080854
[DEBUG] Script reached at 2025-11-01 07:00:04.051883
[INFO] Starting Playwright at 2025-11-01 07:00:04.059895
[ERROR] Playwright step failed: Page.goto: net::ERR_NAME_NOT_RESOLVED at https://versionone.usps.gov/v1/Default.aspx?menu=TaskListPage
Call log:
  - navigating to "https://versionone.usps.gov/v1/Default.aspx?menu=TaskListPage", waiting until "load"

[INFO] Playwright completed at 2025-11-01 07:00:10.986777
[DEBUG] Script reached at 2025-11-02 06:00:03.632679
[INFO] Starting Playwright at 2025-11-02 06:00:03.634952
[INFO] task_quicklist.xlsx saved at 2025-11-02 06:00:24.333787
[INFO] Playwright completed at 2025-11-02 06:00:25.381901
[DEBUG] Script reached at 2025-11-03 06:31:10.780619
[INFO] Starting Playwright at 2025-11-03 06:31:10.819996
[INFO] task_quicklist.xlsx saved at 2025-11-03 06:33:03.829223
[INFO] Playwright completed at 2025-11-03 06:33:08.518796
[DEBUG] Script reached at 2025-11-04 08:46:12.715926
[INFO] Starting Playwright at 2025-11-04 08:46:12.718929
[ERROR] Playwright step failed: [Errno 13] Permission denied: 'C:/Users/tbh2j0/OneDrive - USPS/Test Folder/versionone_dashboard/task_quicklist.xlsx'
[INFO] Playwright completed at 2025-11-04 08:46:38.642802
[DEBUG] Script reached at 2025-11-04 08:49:02.532806
[INFO] Starting Playwright at 2025-11-04 08:49:02.544379
[ERROR] Playwright step failed: [Errno 13] Permission denied: 'C:/Users/tbh2j0/OneDrive - USPS/Test Folder/versionone_dashboard/task_quicklist.xlsx'
[INFO] Playwright completed at 2025-11-04 08:49:22.934869
[DEBUG] Script reached at 2025-11-04 08:51:32.070519
[INFO] Starting Playwright at 2025-11-04 08:51:32.085246
[ERROR] Playwright step failed: [Errno 13] Permission denied: 'C:/Users/tbh2j0/OneDrive - USPS/Test Folder/versionone_dashboard/task_quicklist.xlsx'
[INFO] Playwright completed at 2025-11-04 08:51:51.368654
[DEBUG] Script reached at 2025-11-04 08:55:05.435158
[INFO] Starting Playwright at 2025-11-04 08:55:05.435158
[INFO] task_quicklist.xlsx saved and master file updated with 346 new rows at 2025-11-04 08:55:26.852387
[INFO] Playwright completed at 2025-11-04 08:55:27.560040
[DEBUG] Script reached at 2025-11-04 09:19:56.030547
[INFO] Starting Playwright at 2025-11-04 09:19:56.031547
[ERROR] Playwright step failed: Locator.click: Timeout 5000ms exceeded.
Call log:
  - waiting for locator("text=Export (.xlsx) New")
    - locator resolved to <div>…</div>
  - attempting click action
    - waiting for element to be visible, enabled and stable
    - element is visible, enabled and stable
    - scrolling into view if needed
    - done scrolling
    - performing click action
    - click action done
    - waiting for scheduled navigations to finish

[INFO] Playwright completed at 2025-11-04 09:20:19.475591
[DEBUG] Script reached at 2025-11-04 09:20:58.568535
[INFO] Starting Playwright at 2025-11-04 09:20:58.578103
[ERROR] Playwright step failed: Locator.click: Timeout 5000ms exceeded.
Call log:
  - waiting for locator("text=Export (.xlsx) New")
    - locator resolved to <div>…</div>
  - attempting click action
    - waiting for element to be visible, enabled and stable
    - element is visible, enabled and stable
    - scrolling into view if needed
    - done scrolling
    - performing click action
    - click action done
    - waiting for scheduled navigations to finish

[INFO] Playwright completed at 2025-11-04 09:21:23.167162
[DEBUG] Script reached at 2025-11-04 09:30:44.185456
[INFO] Starting Playwright at 2025-11-04 09:30:44.188265
[ERROR] Playwright step failed: Locator.click: Timeout 5000ms exceeded.
Call log:
  - waiting for locator("text=Export (.xlsx) New")
    - locator resolved to <div>…</div>
  - attempting click action
    - waiting for element to be visible, enabled and stable
    - element is visible, enabled and stable
    - scrolling into view if needed
    - done scrolling
    - performing click action
    - click action done
    - waiting for scheduled navigations to finish

[INFO] Playwright completed at 2025-11-04 09:31:14.836148
[DEBUG] Script reached at 2025-11-04 09:33:31.915046
[INFO] Starting Playwright at 2025-11-04 09:33:31.918120
[ERROR] Playwright step failed: Locator.click: Timeout 15000ms exceeded.
Call log:
  - waiting for locator("text=Export (.xlsx) New")
    - locator resolved to <div>…</div>
  - attempting click action
    - waiting for element to be visible, enabled and stable
    - element is visible, enabled and stable
    - scrolling into view if needed
    - done scrolling
    - performing click action
    - click action done
    - waiting for scheduled navigations to finish

[INFO] Playwright completed at 2025-11-04 09:34:07.217904
[DEBUG] Script reached at 2025-11-04 09:34:54.490094
[INFO] Starting Playwright at 2025-11-04 09:34:54.491194
[INFO] task_quicklist.xlsx saved at 2025-11-04 09:35:38.237924
[INFO] Playwright completed at 2025-11-04 09:35:40.907025
[DEBUG] Script reached at 2025-11-04 09:37:56.176059
[INFO] Starting Playwright at 2025-11-04 09:37:56.178583
[INFO] task_quicklist.xlsx saved at 2025-11-04 09:38:37.370777
[INFO] Playwright completed at 2025-11-04 09:38:39.986296
[DEBUG] Script reached at 2025-11-04 10:43:58.599137
[INFO] Starting Playwright at 2025-11-04 10:43:58.615888
[INFO] task_quicklist.xlsx saved at 2025-11-04 10:44:48.533466
[INFO] Playwright completed at 2025-11-04 10:44:51.641410
[DEBUG] Script reached at 2025-11-04 10:46:31.299926
[INFO] Starting Playwright at 2025-11-04 10:46:31.299926
[INFO] task_quicklist.xlsx saved at 2025-11-04 10:47:17.217766
[INFO] Playwright completed at 2025-11-04 10:47:19.903944
[DEBUG] Script reached at 2025-11-04 11:58:07.769752
[INFO] Starting Playwright at 2025-11-04 11:58:07.769752
[INFO] task_quicklist.xlsx saved at 2025-11-04 11:58:52.324693
[INFO] Playwright completed at 2025-11-04 11:58:55.154236
[DEBUG] Script reached at 2025-11-04 12:33:13.699510
[INFO] Starting Playwright at 2025-11-04 12:33:13.706001
[ERROR] Playwright step failed: [Errno 13] Permission denied: 'C:/Users/tbh2j0/OneDrive - USPS/Test Folder/versionone_dashboard/task_quicklist.xlsx'
[INFO] Playwright completed at 2025-11-04 12:33:45.600467
[DEBUG] Script reached at 2025-11-04 19:11:51.360714
[INFO] Starting Playwright at 2025-11-04 19:11:51.370746
[ERROR] Failed for CDAS-6441: Locator.click: Timeout 30000ms exceeded.
Call log:
  - waiting for locator("text=CDAS-6441")

[ERROR] Failed for EDS-4834: Locator.click: Error: strict mode violation: locator("text=EDS-4834") resolved to 5 elements:
    1) <a target="_blank" rel="Scope:6026544" data-assettype="Scope" class="open-by-name asset-hover asset-scope-link" href="/v1/Project.mvc/Summary?oidToken=Scope%3A6026544" data-hoverhref="/v1/Project.mvc/hover?Oid=Scope%3A6026544">EDS-4834</a> aka locator("[id=\"_pleyeo\"]").get_by_role("link", name="EDS-")
    2) <a target="_blank" rel="Scope:6026544" data-assettype="Scope" class="open-by-name asset-hover asset-scope-link" href="/v1/Project.mvc/Summary?oidToken=Scope%3A6026544" data-hoverhref="/v1/Project.mvc/hover?Oid=Scope%3A6026544">EDS-4834</a> aka locator("[id=\"_pleyes\"]").get_by_role("link", name="EDS-")
    3) <a target="_blank" rel="Scope:6026544" data-assettype="Scope" class="open-by-name asset-hover asset-scope-link" href="/v1/Project.mvc/Summary?oidToken=Scope%3A6026544" data-hoverhref="/v1/Project.mvc/hover?Oid=Scope%3A6026544">EDS-4834</a> aka locator("[id=\"_pleyew\"]").get_by_role("link", name="EDS-")
    4) <a target="_blank" rel="Scope:6026544" data-assettype="Scope" class="open-by-name asset-hover asset-scope-link" href="/v1/Project.mvc/Summary?oidToken=Scope%3A6026544" data-hoverhref="/v1/Project.mvc/hover?Oid=Scope%3A6026544">EDS-4834</a> aka locator("[id=\"_pleyfa\"]").get_by_role("link", name="EDS-")
    5) <a target="_blank" rel="Scope:6026544" data-assettype="Scope" class="open-by-name asset-hover asset-scope-link" href="/v1/Project.mvc/Summary?oidToken=Scope%3A6026544" data-hoverhref="/v1/Project.mvc/hover?Oid=Scope%3A6026544">EDS-4834</a> aka locator("[id=\"_pleyfe\"]").get_by_role("link", name="EDS-")

Call log:
  - waiting for locator("text=EDS-4834")

[ERROR] Failed for EEB-9372: Locator.click: Error: strict mode violation: locator("text=EEB-9372") resolved to 3 elements:
    1) <span>EEB-9372</span> aka get_by_test_id("planning-level-stair-Scope:8220438").get_by_text("EEB-")
    2) <span class="">EEB-9372</span> aka get_by_text("EEB-").nth(1)
    3) <span class="">EEB-9372</span> aka get_by_text("EEB-").nth(2)

Call log:
  - waiting for locator("text=EEB-9372")

[ERROR] Failed for UAP-IV-9443: Locator.click: Error: strict mode violation: locator("text=UAP-IV-9443") resolved to 2 elements:
    1) <span>UAP-IV-9443</span> aka get_by_test_id("planning-level-stair-Scope:8943265").get_by_text("UAP-IV-")
    2) <span class="">UAP-IV-9443</span> aka get_by_test_id("recently-viewed-Scope:8943265").get_by_text("UAP-IV-")

Call log:
  - waiting for locator("text=UAP-IV-9443")

[ERROR] Failed for UAPSAL-9402: Locator.click: Timeout 3000ms exceeded.
Call log:
  - waiting for locator("svg.wrench").nth(1)
    - locator resolved to <svg focusable="false" aria-labelledby="title" class="svg-icon wrench  ">…</svg>
  - attempting click action
    2 × waiting for element to be visible, enabled and stable
      - element is visible, enabled and stable
      - scrolling into view if needed
      - done scrolling
      - <div class="selector-modal">…</div> from <div id="app-shell" class="top-bar-new">…</div> subtree intercepts pointer events
    - retrying click action
    - waiting 20ms
    2 × waiting for element to be visible, enabled and stable
      - element is visible, enabled and stable
      - scrolling into view if needed
      - done scrolling
      - <div class="selector-modal">…</div> from <div id="app-shell" class="top-bar-new">…</div> subtree intercepts pointer events
    - retrying click action
      - waiting 100ms
    5 × waiting for element to be visible, enabled and stable
      - element is visible, enabled and stable
      - scrolling into view if needed
      - done scrolling
      - <div class="selector-modal">…</div> from <div id="app-shell" class="top-bar-new">…</div> subtree intercepts pointer events
    - retrying click action
      - waiting 500ms

[ERROR] Failed for UAP-SPM-9442: Locator.click: Timeout 3000ms exceeded.
Call log:
  - waiting for locator("svg.wrench").nth(1)
    - locator resolved to <svg focusable="false" aria-labelledby="title" class="svg-icon wrench  ">…</svg>
  - attempting click action
    2 × waiting for element to be visible, enabled and stable
      - element is visible, enabled and stable
      - scrolling into view if needed
      - done scrolling
      - <div class="selector-modal">…</div> from <div id="app-shell" class="top-bar-new">…</div> subtree intercepts pointer events
    - retrying click action
    - waiting 20ms
    2 × waiting for element to be visible, enabled and stable
      - element is visible, enabled and stable
      - scrolling into view if needed
      - done scrolling
      - <div class="selector-modal">…</div> from <div id="app-shell" class="top-bar-new">…</div> subtree intercepts pointer events
    - retrying click action
      - waiting 100ms
    5 × waiting for element to be visible, enabled and stable
      - element is visible, enabled and stable
      - scrolling into view if needed
      - done scrolling
      - <div class="selector-modal">…</div> from <div id="app-shell" class="top-bar-new">…</div> subtree intercepts pointer events
    - retrying click action
      - waiting 500ms

[ERROR] No files to merge at 2025-11-04 19:13:53.811850
[INFO] Playwright completed at 2025-11-04 19:13:53.833043
[DEBUG] Script reached at 2025-11-04 19:17:03.408772
[INFO] Starting Playwright at 2025-11-04 19:17:03.410767
[ERROR] Failed for CDAS-6441: Locator.click: Timeout 30000ms exceeded.
Call log:
  - waiting for locator("text=CDAS-6441")

[ERROR] Failed for EDS-4834: Locator.click: Error: strict mode violation: locator("text=EDS-4834") resolved to 5 elements:
    1) <a target="_blank" rel="Scope:6026544" data-assettype="Scope" class="open-by-name asset-hover asset-scope-link" href="/v1/Project.mvc/Summary?oidToken=Scope%3A6026544" data-hoverhref="/v1/Project.mvc/hover?Oid=Scope%3A6026544">EDS-4834</a> aka locator("[id=\"_plfaqx\"]").get_by_role("link", name="EDS-")
    2) <a target="_blank" rel="Scope:6026544" data-assettype="Scope" class="open-by-name asset-hover asset-scope-link" href="/v1/Project.mvc/Summary?oidToken=Scope%3A6026544" data-hoverhref="/v1/Project.mvc/hover?Oid=Scope%3A6026544">EDS-4834</a> aka locator("[id=\"_plfarb\"]").get_by_role("link", name="EDS-")
    3) <a target="_blank" rel="Scope:6026544" data-assettype="Scope" class="open-by-name asset-hover asset-scope-link" href="/v1/Project.mvc/Summary?oidToken=Scope%3A6026544" data-hoverhref="/v1/Project.mvc/hover?Oid=Scope%3A6026544">EDS-4834</a> aka locator("[id=\"_plfarf\"]").get_by_role("link", name="EDS-")
    4) <a target="_blank" rel="Scope:6026544" data-assettype="Scope" class="open-by-name asset-hover asset-scope-link" href="/v1/Project.mvc/Summary?oidToken=Scope%3A6026544" data-hoverhref="/v1/Project.mvc/hover?Oid=Scope%3A6026544">EDS-4834</a> aka locator("[id=\"_plfarj\"]").get_by_role("link", name="EDS-")
    5) <a target="_blank" rel="Scope:6026544" data-assettype="Scope" class="open-by-name asset-hover asset-scope-link" href="/v1/Project.mvc/Summary?oidToken=Scope%3A6026544" data-hoverhref="/v1/Project.mvc/hover?Oid=Scope%3A6026544">EDS-4834</a> aka locator("[id=\"_plfarn\"]").get_by_role("link", name="EDS-")

Call log:
  - waiting for locator("text=EDS-4834")

[ERROR] Failed for EEB-9372: Locator.click: Error: strict mode violation: locator("text=EEB-9372") resolved to 3 elements:
    1) <span>EEB-9372</span> aka get_by_test_id("planning-level-stair-Scope:8220438").get_by_text("EEB-")
    2) <span class="">EEB-9372</span> aka get_by_text("EEB-").nth(1)
    3) <span class="">EEB-9372</span> aka get_by_text("EEB-").nth(2)

Call log:
  - waiting for locator("text=EEB-9372")

[ERROR] Failed for UAP-IV-9443: Locator.click: Error: strict mode violation: locator("text=UAP-IV-9443") resolved to 2 elements:
    1) <span>UAP-IV-9443</span> aka get_by_test_id("planning-level-stair-Scope:8943265").get_by_text("UAP-IV-")
    2) <span class="">UAP-IV-9443</span> aka get_by_test_id("recently-viewed-Scope:8943265").get_by_text("UAP-IV-")

Call log:
  - waiting for locator("text=UAP-IV-9443")

[ERROR] Failed for UAPSAL-9402: Locator.click: Timeout 30000ms exceeded.
Call log:
  - waiting for locator("input[value='Apply']")

[ERROR] Failed for UAP-SPM-9442: Locator.click: Timeout 30000ms exceeded.
Call log:
  - waiting for locator("input[value='Apply']")

[ERROR] No files to merge at 2025-11-04 19:19:43.239509
[INFO] Playwright completed at 2025-11-04 19:19:43.251910
[DEBUG] Script reached at 2025-11-05 06:00:06.211429
[INFO] Starting Playwright at 2025-11-05 06:00:06.211429
[INFO] Playwright completed at 2025-11-05 06:03:46.186940
[DEBUG] Script reached at 2025-11-05 09:47:35.757463
[INFO] Starting Playwright at 2025-11-05 09:47:35.759473
[INFO] Playwright completed at 2025-11-05 09:48:02.089706
[DEBUG] Script reached at 2025-11-05 09:55:31.944334
[INFO] Starting Playwright at 2025-11-05 09:55:31.944334
[ERROR] Playwright failed: Page.wait_for_timeout: Target page, context or browser has been closed
[DEBUG] Script reached at 2025-11-05 10:21:14.431813
[INFO] Starting Playwright at 2025-11-05 10:21:14.431813
[INFO] Playwright completed at 2025-11-05 10:23:02.129374
[DEBUG] Script reached at 2025-11-06 06:00:06.598214
[INFO] Starting Playwright at 2025-11-06 06:00:06.600205
[INFO] Playwright completed at 2025-11-06 06:02:48.802229
[DEBUG] Script reached at 2025-11-06 07:21:41.889371
[INFO] Starting Playwright at 2025-11-06 07:21:41.893054
[INFO] Playwright completed at 2025-11-06 07:23:56.743488
[DEBUG] Script reached at 2025-11-06 08:01:56.878991
[INFO] Starting Playwright at 2025-11-06 08:01:56.880996
[ERROR] Playwright failed: [Errno 13] Permission denied: 'C:/Users/tbh2j0/OneDrive - USPS/Test Folder/versionone_dashboard\\task_quicklist.csv'
[DEBUG] Script reached at 2025-11-06 09:29:54.038269
[INFO] Starting Playwright at 2025-11-06 09:29:54.048052
[ERROR] Playwright failed: [Errno 13] Permission denied: 'C:/Users/tbh2j0/OneDrive - USPS/Test Folder/versionone_dashboard\\task_quicklist.csv'
[DEBUG] Script reached at 2025-11-06 10:05:51.614648
[INFO] Starting Playwright at 2025-11-06 10:05:51.621178
